Abbott India Ltd | Dec 2012 | Source ROE=34.9 | Calculated ROE=22.41 | Difference=12.49% | Category=Version Difference
Abbott India Ltd | Mar 2014 | Source ROE=34.9 | Calculated ROE=25.13 | Difference=9.77% | Category=Version Difference
Abbott India Ltd | Mar 2014 | Source ROE=34.9 | Calculated ROE=25.13 | Difference=9.77% | Category=Version Difference
Abbott India Ltd | Mar 2015 | Source ROE=34.9 | Calculated ROE=24.44 | Difference=10.46% | Category=Version Difference
Abbott India Ltd | Mar 2015 | Source ROE=34.9 | Calculated ROE=24.44 | Difference=10.46% | Category=Version Difference
Abbott India Ltd | Mar 2016 | Source ROE=34.9 | Calculated ROE=21.34 | Difference=13.56% | Category=Version Difference
Abbott India Ltd | Mar 2016 | Source ROE=34.9 | Calculated ROE=21.34 | Difference=13.56% | Category=Version Difference
Abbott India Ltd | Mar 2017 | Source ROE=34.9 | Calculated ROE=19.97 | Difference=14.93% | Category=Version Difference
Abbott India Ltd | Mar 2017 | Source ROE=34.9 | Calculated ROE=19.97 | Difference=14.93% | Category=Version Difference
Abbott India Ltd | Mar 2018 | Source ROE=34.9 | Calculated ROE=23.69 | Difference=11.21% | Category=Version Difference
Abbott India Ltd | Mar 2018 | Source ROE=34.9 | Calculated ROE=23.69 | Difference=11.21% | Category=Version Difference
Abbott India Ltd | Mar 2019 | Source ROE=34.9 | Calculated ROE=22.41 | Difference=12.49% | Category=Version Difference
Abbott India Ltd | Mar 2019 | Source ROE=34.9 | Calculated ROE=22.41 | Difference=12.49% | Category=Version Difference
Abbott India Ltd | Mar 2020 | Source ROE=34.9 | Calculated ROE=24.39 | Difference=10.51% | Category=Version Difference
Abbott India Ltd | Mar 2020 | Source ROE=34.9 | Calculated ROE=24.39 | Difference=10.51% | Category=Version Difference
Abbott India Ltd | Mar 2021 | Source ROE=34.9 | Calculated ROE=26.56 | Difference=8.34% | Category=Version Difference
Abbott India Ltd | Mar 2021 | Source ROE=34.9 | Calculated ROE=26.56 | Difference=8.34% | Category=Version Difference
Abbott India Ltd | Mar 2022 | Source ROE=34.9 | Calculated ROE=28.33 | Difference=6.57% | Category=Version Difference
Abbott India Ltd | Mar 2022 | Source ROE=34.9 | Calculated ROE=28.33 | Difference=6.57% | Category=Version Difference
Abbott India Ltd | Mar 2023 | Source ROE=34.9 | Calculated ROE=29.77 | Difference=5.13% | Category=Version Difference
Abbott India Ltd | Mar 2023 | Source ROE=34.9 | Calculated ROE=29.77 | Difference=5.13% | Category=Version Difference
Adani Energy Solutions Ltd | Mar 2014 | Source ROE=8.59 | Calculated ROE=0.0 | Difference=8.59% | Category=Version Difference
Adani Energy Solutions Ltd | Mar 2015 | Source ROE=8.59 | Calculated ROE=-0.65 | Difference=9.24% | Category=Version Difference
Adani Energy Solutions Ltd | Mar 2016 | Source ROE=8.59 | Calculated ROE=13.77 | Difference=5.18% | Category=Version Difference
Adani Energy Solutions Ltd | Mar 2017 | Source ROE=8.59 | Calculated ROE=14.12 | Difference=5.53% | Category=Version Difference
Adani Energy Solutions Ltd | Mar 2018 | Source ROE=8.59 | Calculated ROE=18.87 | Difference=10.28% | Category=Version Difference
Adani Energy Solutions Ltd | Mar 2021 | Source ROE=8.59 | Calculated ROE=14.46 | Difference=5.87% | Category=Version Difference
Adani Enterprises Ltd | Mar 2013 | Source ROE=13.64 | Calculated ROE=5.69 | Difference=7.95% | Category=Version Difference
Adani Enterprises Ltd | Mar 2016 | Source ROE=13.64 | Calculated ROE=7.470000000000001 | Difference=6.17% | Category=Version Difference
Adani Enterprises Ltd | Mar 2017 | Source ROE=13.64 | Calculated ROE=6.54 | Difference=7.10% | Category=Version Difference
Adani Enterprises Ltd | Mar 2018 | Source ROE=13.64 | Calculated ROE=3.94 | Difference=9.70% | Category=Version Difference
Adani Enterprises Ltd | Mar 2019 | Source ROE=13.64 | Calculated ROE=3.43 | Difference=10.21% | Category=Version Difference
Adani Enterprises Ltd | Mar 2020 | Source ROE=13.64 | Calculated ROE=6.140000000000001 | Difference=7.50% | Category=Version Difference
Adani Enterprises Ltd | Mar 2021 | Source ROE=13.64 | Calculated ROE=6.1 | Difference=7.54% | Category=Version Difference
Adani Enterprises Ltd | Mar 2022 | Source ROE=13.64 | Calculated ROE=3.54 | Difference=10.10% | Category=Version Difference
Adani Enterprises Ltd | Mar 2023 | Source ROE=13.64 | Calculated ROE=7.33 | Difference=6.31% | Category=Version Difference
Adani Enterprises Ltd | Mar 2024 | Source ROE=13.64 | Calculated ROE=8.53 | Difference=5.11% | Category=Version Difference
Adani Green Energy Ltd | Mar 2017 | Source ROE=14.7 | Calculated ROE=-3.91 | Difference=18.61% | Category=Version Difference
Adani Green Energy Ltd | Mar 2018 | Source ROE=14.7 | Calculated ROE=-10.29 | Difference=24.99% | Category=Version Difference
Adani Green Energy Ltd | Mar 2019 | Source ROE=14.7 | Calculated ROE=-24.57 | Difference=39.27% | Category=Version Difference
Adani Green Energy Ltd | Mar 2020 | Source ROE=14.7 | Calculated ROE=-2.89 | Difference=17.59% | Category=Version Difference
Adani Green Energy Ltd | Mar 2021 | Source ROE=14.7 | Calculated ROE=8.27 | Difference=6.43% | Category=Version Difference
Adani Ports & Special Economic Zone Ltd
 | Mar 2013 | Source ROE=18.1 | Calculated ROE=25.63 | Difference=7.53% | Category=Version Difference
Adani Ports & Special Economic Zone Ltd
 | Mar 2022 | Source ROE=18.1 | Calculated ROE=11.84 | Difference=6.26% | Category=Version Difference
Adani Ports & Special Economic Zone Ltd
 | Mar 2023 | Source ROE=18.1 | Calculated ROE=11.88 | Difference=6.22% | Category=Version Difference
Adani Ports & Special Economic Zone Ltd
 | Mar 2013 | Source ROE=18.1 | Calculated ROE=25.63 | Difference=7.53% | Category=Version Difference
Adani Ports & Special Economic Zone Ltd
 | Mar 2022 | Source ROE=18.1 | Calculated ROE=11.84 | Difference=6.26% | Category=Version Difference
Adani Ports & Special Economic Zone Ltd
 | Mar 2023 | Source ROE=18.1 | Calculated ROE=11.88 | Difference=6.22% | Category=Version Difference
Adani Power Ltd | Mar 2013 | Source ROE=57.1 | Calculated ROE=-53.45999999999999 | Difference=110.56% | Category=Version Difference
Adani Power Ltd | Mar 2014 | Source ROE=57.1 | Calculated ROE=-4.45 | Difference=61.55% | Category=Version Difference
Adani Power Ltd | Mar 2015 | Source ROE=57.1 | Calculated ROE=-14.25 | Difference=71.35% | Category=Version Difference
Adani Power Ltd | Mar 2016 | Source ROE=57.1 | Calculated ROE=7.380000000000001 | Difference=49.72% | Category=Version Difference
Adani Power Ltd | Mar 2017 | Source ROE=57.1 | Calculated ROE=-205.8 | Difference=262.90% | Category=Version Difference
Adani Power Ltd | Mar 2018 | Source ROE=57.1 | Calculated ROE=-236.56 | Difference=293.66% | Category=Version Difference
Adani Power Ltd | Mar 2019 | Source ROE=57.1 | Calculated ROE=-12.76 | Difference=69.86% | Category=Version Difference
Adani Power Ltd | Mar 2020 | Source ROE=57.1 | Calculated ROE=-35.09999999999999 | Difference=92.20% | Category=Version Difference
Adani Power Ltd | Mar 2021 | Source ROE=57.1 | Calculated ROE=9.69 | Difference=47.41% | Category=Version Difference
Adani Power Ltd | Mar 2022 | Source ROE=57.1 | Calculated ROE=26.61 | Difference=30.49% | Category=Version Difference
Adani Power Ltd | Mar 2023 | Source ROE=57.1 | Calculated ROE=35.91 | Difference=21.19% | Category=Version Difference
Adani Power Ltd | Mar 2024 | Source ROE=57.1 | Calculated ROE=48.28 | Difference=8.82% | Category=Version Difference
Ambuja Cements Ltd | Dec 2012 | Source ROE=9.24 | Calculated ROE=14.69 | Difference=5.45% | Category=Version Difference
Ambuja Cements Ltd | Dec 2014 | Source ROE=9.24 | Calculated ROE=14.77 | Difference=5.53% | Category=Version Difference
Ambuja Cements Ltd | Dec 2021 | Source ROE=9.24 | Calculated ROE=14.64 | Difference=5.40% | Category=Version Difference
Apollo Hospitals
Chain of Indian private hospitals | Mar 2016 | Source ROE=13.81 | Calculated ROE=7.049999999999999 | Difference=6.76% | Category=Version Difference
Apollo Hospitals
Chain of Indian private hospitals | Mar 2017 | Source ROE=13.81 | Calculated ROE=3.95 | Difference=9.86% | Category=Version Difference
Apollo Hospitals
Chain of Indian private hospitals | Mar 2018 | Source ROE=13.81 | Calculated ROE=1.85 | Difference=11.96% | Category=Version Difference
Apollo Hospitals
Chain of Indian private hospitals | Mar 2019 | Source ROE=13.81 | Calculated ROE=6.0 | Difference=7.81% | Category=Version Difference
Apollo Hospitals
Chain of Indian private hospitals | Mar 2021 | Source ROE=13.81 | Calculated ROE=2.98 | Difference=10.83% | Category=Version Difference
Apollo Hospitals
Chain of Indian private hospitals | Mar 2022 | Source ROE=13.81 | Calculated ROE=19.7 | Difference=5.89% | Category=Version Difference
Asian Paints
Indian Multi-National Paint and Coating Manufacturing Company | Mar 2018 | Source ROE=31.45 | Calculated ROE=24.95 | Difference=6.50% | Category=Version Difference
Asian Paints
Indian Multi-National Paint and Coating Manufacturing Company | Mar 2018 | Source ROE=31.45 | Calculated ROE=24.95 | Difference=6.50% | Category=Version Difference
Asian Paints
Indian Multi-National Paint and Coating Manufacturing Company | Mar 2019 | Source ROE=31.45 | Calculated ROE=23.31 | Difference=8.14% | Category=Version Difference
Asian Paints
Indian Multi-National Paint and Coating Manufacturing Company | Mar 2019 | Source ROE=31.45 | Calculated ROE=23.31 | Difference=8.14% | Category=Version Difference
Asian Paints
Indian Multi-National Paint and Coating Manufacturing Company | Mar 2021 | Source ROE=31.45 | Calculated ROE=25.04 | Difference=6.41% | Category=Version Difference
Asian Paints
Indian Multi-National Paint and Coating Manufacturing Company | Mar 2021 | Source ROE=31.45 | Calculated ROE=25.04 | Difference=6.41% | Category=Version Difference
Asian Paints
Indian Multi-National Paint and Coating Manufacturing Company | Mar 2022 | Source ROE=31.45 | Calculated ROE=22.34 | Difference=9.11% | Category=Version Difference
Asian Paints
Indian Multi-National Paint and Coating Manufacturing Company | Mar 2022 | Source ROE=31.45 | Calculated ROE=22.34 | Difference=9.11% | Category=Version Difference
Asian Paints
Indian Multi-National Paint and Coating Manufacturing Company | Mar 2023 | Source ROE=31.45 | Calculated ROE=26.23 | Difference=5.22% | Category=Version Difference
Asian Paints
Indian Multi-National Paint and Coating Manufacturing Company | Mar 2023 | Source ROE=31.45 | Calculated ROE=26.23 | Difference=5.22% | Category=Version Difference
Axis Bank Ltd | Mar 2017 | Source ROE=18.4 | Calculated ROE=6.529999999999999 | Difference=11.87% | Category=Version Difference
Axis Bank Ltd | Mar 2018 | Source ROE=18.4 | Calculated ROE=0.43 | Difference=17.97% | Category=Version Difference
Axis Bank Ltd | Mar 2019 | Source ROE=18.4 | Calculated ROE=6.9 | Difference=11.50% | Category=Version Difference
Axis Bank Ltd | Mar 2020 | Source ROE=18.4 | Calculated ROE=1.88 | Difference=16.52% | Category=Version Difference
Axis Bank Ltd | Mar 2021 | Source ROE=18.4 | Calculated ROE=6.36 | Difference=12.04% | Category=Version Difference
Axis Bank Ltd | Mar 2022 | Source ROE=18.4 | Calculated ROE=11.01 | Difference=7.39% | Category=Version Difference
Axis Bank Ltd | Mar 2023 | Source ROE=18.4 | Calculated ROE=7.380000000000001 | Difference=11.02% | Category=Version Difference
Bajaj Auto Ltd | Mar 2013 | Source ROE=26.5 | Calculated ROE=38.85 | Difference=12.35% | Category=Version Difference
Bajaj Auto Ltd | Mar 2013 | Source ROE=26.5 | Calculated ROE=38.85 | Difference=12.35% | Category=Version Difference
Bajaj Auto Ltd | Mar 2014 | Source ROE=26.5 | Calculated ROE=33.23999999999999 | Difference=6.74% | Category=Version Difference
Bajaj Auto Ltd | Mar 2014 | Source ROE=26.5 | Calculated ROE=33.23999999999999 | Difference=6.74% | Category=Version Difference
Bajaj Auto Ltd | Mar 2018 | Source ROE=26.5 | Calculated ROE=20.66 | Difference=5.84% | Category=Version Difference
Bajaj Auto Ltd | Mar 2018 | Source ROE=26.5 | Calculated ROE=20.66 | Difference=5.84% | Category=Version Difference
Bajaj Auto Ltd | Mar 2019 | Source ROE=26.5 | Calculated ROE=21.21 | Difference=5.29% | Category=Version Difference
Bajaj Auto Ltd | Mar 2019 | Source ROE=26.5 | Calculated ROE=21.21 | Difference=5.29% | Category=Version Difference
Bajaj Auto Ltd | Mar 2021 | Source ROE=26.5 | Calculated ROE=17.81 | Difference=8.69% | Category=Version Difference
Bajaj Auto Ltd | Mar 2021 | Source ROE=26.5 | Calculated ROE=17.81 | Difference=8.69% | Category=Version Difference
Bajaj Auto Ltd | Mar 2022 | Source ROE=26.5 | Calculated ROE=20.65 | Difference=5.85% | Category=Version Difference
Bajaj Auto Ltd | Mar 2022 | Source ROE=26.5 | Calculated ROE=20.65 | Difference=5.85% | Category=Version Difference
Bajaj Auto Ltd | Mar 2023 | Source ROE=26.5 | Calculated ROE=20.64 | Difference=5.86% | Category=Version Difference
Bajaj Auto Ltd | Mar 2023 | Source ROE=26.5 | Calculated ROE=20.64 | Difference=5.86% | Category=Version Difference
Bajaj Finserv Ltd | Mar 2013 | Source ROE=11.72 | Calculated ROE=28.38 | Difference=16.66% | Category=Version Difference
Bajaj Finserv Ltd | Mar 2014 | Source ROE=11.72 | Calculated ROE=23.53 | Difference=11.81% | Category=Version Difference
Bajaj Finserv Ltd | Mar 2015 | Source ROE=11.72 | Calculated ROE=21.72 | Difference=10.00% | Category=Version Difference
Bajaj Finserv Ltd | Mar 2016 | Source ROE=11.72 | Calculated ROE=20.41 | Difference=8.69% | Category=Version Difference
Bajaj Finserv Ltd | Mar 2017 | Source ROE=11.72 | Calculated ROE=21.36 | Difference=9.64% | Category=Version Difference
Bajaj Finserv Ltd | Mar 2018 | Source ROE=11.72 | Calculated ROE=20.39 | Difference=8.67% | Category=Version Difference
Bajaj Finserv Ltd | Mar 2019 | Source ROE=11.72 | Calculated ROE=22.64 | Difference=10.92% | Category=Version Difference
Bajaj Finserv Ltd | Mar 2020 | Source ROE=11.72 | Calculated ROE=19.15 | Difference=7.43% | Category=Version Difference
Bajaj Finserv Ltd | Mar 2021 | Source ROE=11.72 | Calculated ROE=20.56 | Difference=8.84% | Category=Version Difference
Bajaj Finserv Ltd | Mar 2022 | Source ROE=11.72 | Calculated ROE=20.66 | Difference=8.94% | Category=Version Difference
Bajaj Finserv Ltd | Mar 2023 | Source ROE=11.72 | Calculated ROE=26.31 | Difference=14.59% | Category=Version Difference
Bajaj Finserv Ltd | Mar 2024 | Source ROE=11.72 | Calculated ROE=25.85 | Difference=14.13% | Category=Version Difference
Bajaj Holdings & Investment Ltd | Mar 2022 | Source ROE=14.8 | Calculated ROE=9.629999999999999 | Difference=5.17% | Category=Version Difference
Bajaj Finance Ltd | Mar 2018 | Source ROE=22.1 | Calculated ROE=15.75 | Difference=6.35% | Category=Version Difference
Bajaj Finance Ltd | Mar 2020 | Source ROE=22.1 | Calculated ROE=16.28 | Difference=5.82% | Category=Version Difference
Bajaj Finance Ltd | Mar 2021 | Source ROE=22.1 | Calculated ROE=11.97 | Difference=10.13% | Category=Version Difference
Bajaj Finance Ltd | Mar 2022 | Source ROE=22.1 | Calculated ROE=16.08 | Difference=6.02% | Category=Version Difference
Bank of Baroda | Mar 2015 | Source ROE=16.7 | Calculated ROE=9.4 | Difference=7.30% | Category=Version Difference
Bank of Baroda | Mar 2016 | Source ROE=16.7 | Calculated ROE=-11.84 | Difference=28.54% | Category=Version Difference
Bank of Baroda | Mar 2017 | Source ROE=16.7 | Calculated ROE=4.31 | Difference=12.39% | Category=Version Difference
Bank of Baroda | Mar 2018 | Source ROE=16.7 | Calculated ROE=-3.94 | Difference=20.64% | Category=Version Difference
Bank of Baroda | Mar 2019 | Source ROE=16.7 | Calculated ROE=2.12 | Difference=14.58% | Category=Version Difference
Bank of Baroda | Mar 2020 | Source ROE=16.7 | Calculated ROE=1.29 | Difference=15.41% | Category=Version Difference
Bank of Baroda | Mar 2021 | Source ROE=16.7 | Calculated ROE=1.97 | Difference=14.73% | Category=Version Difference
Bank of Baroda | Mar 2022 | Source ROE=16.7 | Calculated ROE=8.64 | Difference=8.06% | Category=Version Difference
Bharat Electronics Ltd | Mar 2013 | Source ROE=26.3 | Calculated ROE=15183.33 | Difference=15157.03% | Category=Version Difference
Bharat Electronics Ltd | Mar 2014 | Source ROE=26.3 | Calculated ROE=13600.0 | Difference=13573.70% | Category=Version Difference
Bharat Electronics Ltd | Mar 2015 | Source ROE=26.3 | Calculated ROE=17100.0 | Difference=17073.70% | Category=Version Difference
Bharat Electronics Ltd | Mar 2016 | Source ROE=26.3 | Calculated ROE=11141.67 | Difference=11115.37% | Category=Version Difference
Bharat Electronics Ltd | Mar 2017 | Source ROE=26.3 | Calculated ROE=10153.33 | Difference=10127.03% | Category=Version Difference
Bharat Electronics Ltd | Mar 2018 | Source ROE=26.3 | Calculated ROE=4616.13 | Difference=4589.83% | Category=Version Difference
Bharat Electronics Ltd | Mar 2019 | Source ROE=26.3 | Calculated ROE=3851.02 | Difference=3824.72% | Category=Version Difference
Bharat Electronics Ltd | Mar 2020 | Source ROE=26.3 | Calculated ROE=3318.18 | Difference=3291.88% | Category=Version Difference
Bharat Electronics Ltd | Mar 2021 | Source ROE=26.3 | Calculated ROE=3559.32 | Difference=3533.02% | Category=Version Difference
Bharat Electronics Ltd | Mar 2022 | Source ROE=26.3 | Calculated ROE=3478.26 | Difference=3451.96% | Category=Version Difference
Bharat Electronics Ltd | Mar 2023 | Source ROE=26.3 | Calculated ROE=3981.33 | Difference=3955.03% | Category=Version Difference
Bharat Electronics Ltd | Mar 2024 | Source ROE=26.3 | Calculated ROE=4744.05 | Difference=4717.75% | Category=Version Difference
Bharti Airtel Ltd | Mar 2013 | Source ROE=14.9 | Calculated ROE=4.5 | Difference=10.40% | Category=Version Difference
Bharti Airtel Ltd | Mar 2014 | Source ROE=14.9 | Calculated ROE=5.050000000000001 | Difference=9.85% | Category=Version Difference
Bharti Airtel Ltd | Mar 2017 | Source ROE=14.9 | Calculated ROE=6.29 | Difference=8.61% | Category=Version Difference
Bharti Airtel Ltd | Mar 2018 | Source ROE=14.9 | Calculated ROE=3.14 | Difference=11.76% | Category=Version Difference
Bharti Airtel Ltd | Mar 2019 | Source ROE=14.9 | Calculated ROE=2.36 | Difference=12.54% | Category=Version Difference
Bharti Airtel Ltd | Mar 2020 | Source ROE=14.9 | Calculated ROE=-39.75 | Difference=54.65% | Category=Version Difference
Bharti Airtel Ltd | Mar 2021 | Source ROE=14.9 | Calculated ROE=-20.97 | Difference=35.87% | Category=Version Difference
Bharat Heavy Electricals Limited
 | Mar 2013 | Source ROE=1.05 | Calculated ROE=21.91 | Difference=20.86% | Category=Version Difference
Bharat Heavy Electricals Limited
 | Mar 2014 | Source ROE=1.05 | Calculated ROE=10.56 | Difference=9.51% | Category=Version Difference
Bharat Heavy Electricals Limited
 | Mar 2020 | Source ROE=1.05 | Calculated ROE=-5.12 | Difference=6.17% | Category=Version Difference
Bharat Heavy Electricals Limited
 | Mar 2021 | Source ROE=1.05 | Calculated ROE=-10.39 | Difference=11.44% | Category=Version Difference
Bosch Ltd | Mar 2020 | Source ROE=16.0 | Calculated ROE=7.01 | Difference=8.99% | Category=Version Difference
Bosch Ltd | Mar 2021 | Source ROE=16.0 | Calculated ROE=4.91 | Difference=11.09% | Category=Version Difference
Bharat Petroleum Corporation Ltd | Mar 2013 | Source ROE=41.9 | Calculated ROE=11.54 | Difference=30.36% | Category=Version Difference
Bharat Petroleum Corporation Ltd | Mar 2014 | Source ROE=41.9 | Calculated ROE=20.85 | Difference=21.05% | Category=Version Difference
Bharat Petroleum Corporation Ltd | Mar 2015 | Source ROE=41.9 | Calculated ROE=22.52 | Difference=19.38% | Category=Version Difference
Bharat Petroleum Corporation Ltd | Mar 2016 | Source ROE=41.9 | Calculated ROE=29.1 | Difference=12.80% | Category=Version Difference
Bharat Petroleum Corporation Ltd | Mar 2017 | Source ROE=41.9 | Calculated ROE=30.85 | Difference=11.05% | Category=Version Difference
Bharat Petroleum Corporation Ltd | Mar 2018 | Source ROE=41.9 | Calculated ROE=26.74 | Difference=15.16% | Category=Version Difference
Bharat Petroleum Corporation Ltd | Mar 2019 | Source ROE=41.9 | Calculated ROE=22.0 | Difference=19.90% | Category=Version Difference
Bharat Petroleum Corporation Ltd | Mar 2020 | Source ROE=41.9 | Calculated ROE=10.04 | Difference=31.86% | Category=Version Difference
Bharat Petroleum Corporation Ltd | Mar 2021 | Source ROE=41.9 | Calculated ROE=32.34 | Difference=9.56% | Category=Version Difference
Bharat Petroleum Corporation Ltd | Mar 2022 | Source ROE=41.9 | Calculated ROE=22.51 | Difference=19.39% | Category=Version Difference
Bharat Petroleum Corporation Ltd | Mar 2023 | Source ROE=41.9 | Calculated ROE=3.98 | Difference=37.92% | Category=Version Difference
Bharat Petroleum Corporation Ltd | Mar 2024 | Source ROE=41.9 | Calculated ROE=35.51000000000001 | Difference=6.39% | Category=Version Difference
Britannia Industries Ltd | Mar 2013 | Source ROE=57.1 | Calculated ROE=46.59 | Difference=10.51% | Category=Version Difference
Britannia Industries Ltd | Mar 2014 | Source ROE=57.1 | Calculated ROE=49.5 | Difference=7.60% | Category=Version Difference
Britannia Industries Ltd | Mar 2016 | Source ROE=57.1 | Calculated ROE=39.44 | Difference=17.66% | Category=Version Difference
Britannia Industries Ltd | Mar 2017 | Source ROE=57.1 | Calculated ROE=32.83 | Difference=24.27% | Category=Version Difference
Britannia Industries Ltd | Mar 2018 | Source ROE=57.1 | Calculated ROE=29.48 | Difference=27.62% | Category=Version Difference
Britannia Industries Ltd | Mar 2019 | Source ROE=57.1 | Calculated ROE=27.16 | Difference=29.94% | Category=Version Difference
Britannia Industries Ltd | Mar 2020 | Source ROE=57.1 | Calculated ROE=31.66 | Difference=25.44% | Category=Version Difference
Britannia Industries Ltd | Mar 2023 | Source ROE=57.1 | Calculated ROE=65.53 | Difference=8.43% | Category=Version Difference
Canara Bank | Mar 2013 | Source ROE=17.9 | Calculated ROE=11.9 | Difference=6.00% | Category=Version Difference
Canara Bank | Mar 2014 | Source ROE=17.9 | Calculated ROE=8.85 | Difference=9.05% | Category=Version Difference
Canara Bank | Mar 2015 | Source ROE=17.9 | Calculated ROE=9.02 | Difference=8.88% | Category=Version Difference
Canara Bank | Mar 2016 | Source ROE=17.9 | Calculated ROE=-7.82 | Difference=25.72% | Category=Version Difference
Canara Bank | Mar 2017 | Source ROE=17.9 | Calculated ROE=4.07 | Difference=13.83% | Category=Version Difference
Canara Bank | Mar 2018 | Source ROE=17.9 | Calculated ROE=-10.5 | Difference=28.40% | Category=Version Difference
Canara Bank | Mar 2019 | Source ROE=17.9 | Calculated ROE=1.85 | Difference=16.05% | Category=Version Difference
Canara Bank | Mar 2020 | Source ROE=17.9 | Calculated ROE=-4.66 | Difference=22.56% | Category=Version Difference
Canara Bank | Mar 2021 | Source ROE=17.9 | Calculated ROE=4.74 | Difference=13.16% | Category=Version Difference
Canara Bank | Mar 2022 | Source ROE=17.9 | Calculated ROE=8.799999999999999 | Difference=9.10% | Category=Version Difference
Cholamandalam Investment & Finance Company Ltd | Mar 2020 | Source ROE=20.2 | Calculated ROE=12.85 | Difference=7.35% | Category=Version Difference
Cipla Ltd
 | Mar 2015 | Source ROE=16.8 | Calculated ROE=11.38 | Difference=5.42% | Category=Version Difference
Cipla Ltd
 | Mar 2017 | Source ROE=16.8 | Calculated ROE=8.25 | Difference=8.55% | Category=Version Difference
Cipla Ltd
 | Mar 2018 | Source ROE=16.8 | Calculated ROE=9.959999999999999 | Difference=6.84% | Category=Version Difference
Cipla Ltd
 | Mar 2019 | Source ROE=16.8 | Calculated ROE=9.94 | Difference=6.86% | Category=Version Difference
Cipla Ltd
 | Mar 2020 | Source ROE=16.8 | Calculated ROE=9.520000000000001 | Difference=7.28% | Category=Version Difference
Coal India Ltd | Mar 2013 | Source ROE=52.0 | Calculated ROE=35.81 | Difference=16.19% | Category=Version Difference
Coal India Ltd | Mar 2014 | Source ROE=52.0 | Calculated ROE=35.64 | Difference=16.36% | Category=Version Difference
Coal India Ltd | Mar 2015 | Source ROE=52.0 | Calculated ROE=34.02 | Difference=17.98% | Category=Version Difference
Coal India Ltd | Mar 2016 | Source ROE=52.0 | Calculated ROE=40.96 | Difference=11.04% | Category=Version Difference
Coal India Ltd | Mar 2017 | Source ROE=52.0 | Calculated ROE=37.85 | Difference=14.15% | Category=Version Difference
Coal India Ltd | Mar 2018 | Source ROE=52.0 | Calculated ROE=34.88 | Difference=17.12% | Category=Version Difference
Coal India Ltd | Mar 2019 | Source ROE=52.0 | Calculated ROE=66.01 | Difference=14.01% | Category=Version Difference
Coal India Ltd | Mar 2021 | Source ROE=52.0 | Calculated ROE=34.78 | Difference=17.22% | Category=Version Difference
Coal India Ltd | Mar 2022 | Source ROE=52.0 | Calculated ROE=40.28 | Difference=11.72% | Category=Version Difference
Coal India Ltd | Mar 2024 | Source ROE=52.0 | Calculated ROE=45.17 | Difference=6.83% | Category=Version Difference
Dabur India Ltd | Mar 2013 | Source ROE=19.2 | Calculated ROE=36.56 | Difference=17.36% | Category=Version Difference
Dabur India Ltd | Mar 2014 | Source ROE=19.2 | Calculated ROE=34.48999999999999 | Difference=15.29% | Category=Version Difference
Dabur India Ltd | Mar 2015 | Source ROE=19.2 | Calculated ROE=31.84 | Difference=12.64% | Category=Version Difference
Dabur India Ltd | Mar 2016 | Source ROE=19.2 | Calculated ROE=30.06 | Difference=10.86% | Category=Version Difference
Dabur India Ltd | Mar 2017 | Source ROE=19.2 | Calculated ROE=26.41 | Difference=7.21% | Category=Version Difference
Dabur India Ltd | Mar 2019 | Source ROE=19.2 | Calculated ROE=25.67 | Difference=6.47% | Category=Version Difference
Divis Laboratories Ltd | Mar 2013 | Source ROE=12.2 | Calculated ROE=24.07 | Difference=11.87% | Category=Version Difference
Divis Laboratories Ltd | Mar 2014 | Source ROE=12.2 | Calculated ROE=26.08 | Difference=13.88% | Category=Version Difference
Divis Laboratories Ltd | Mar 2015 | Source ROE=12.2 | Calculated ROE=24.37 | Difference=12.17% | Category=Version Difference
Divis Laboratories Ltd | Mar 2016 | Source ROE=12.2 | Calculated ROE=26.23 | Difference=14.03% | Category=Version Difference
Divis Laboratories Ltd | Mar 2017 | Source ROE=12.2 | Calculated ROE=19.79 | Difference=7.59% | Category=Version Difference
Divis Laboratories Ltd | Mar 2019 | Source ROE=12.2 | Calculated ROE=19.45 | Difference=7.25% | Category=Version Difference
Divis Laboratories Ltd | Mar 2020 | Source ROE=12.2 | Calculated ROE=18.84 | Difference=6.64% | Category=Version Difference
Divis Laboratories Ltd | Mar 2021 | Source ROE=12.2 | Calculated ROE=21.34 | Difference=9.14% | Category=Version Difference
Divis Laboratories Ltd | Mar 2022 | Source ROE=12.2 | Calculated ROE=25.24 | Difference=13.04% | Category=Version Difference
DLF Ltd | Mar 2015 | Source ROE=6.95 | Calculated ROE=1.85 | Difference=5.10% | Category=Version Difference
DLF Ltd | Mar 2016 | Source ROE=6.95 | Calculated ROE=1.27 | Difference=5.68% | Category=Version Difference
DLF Ltd | Mar 2018 | Source ROE=6.95 | Calculated ROE=12.68 | Difference=5.73% | Category=Version Difference
DLF Ltd | Mar 2020 | Source ROE=6.95 | Calculated ROE=-1.71 | Difference=8.66% | Category=Version Difference
Avenue Supermarts Ltd | Mar 2016 | Source ROE=14.5 | Calculated ROE=21.04 | Difference=6.54% | Category=Version Difference
Avenue Supermarts Ltd | Mar 2021 | Source ROE=14.5 | Calculated ROE=9.02 | Difference=5.48% | Category=Version Difference
Dr Reddys Laboratories Ltd | Mar 2017 | Source ROE=21.4 | Calculated ROE=10.54 | Difference=10.86% | Category=Version Difference
Dr Reddys Laboratories Ltd | Mar 2018 | Source ROE=21.4 | Calculated ROE=7.53 | Difference=13.87% | Category=Version Difference
Dr Reddys Laboratories Ltd | Mar 2019 | Source ROE=21.4 | Calculated ROE=13.9 | Difference=7.50% | Category=Version Difference
Dr Reddys Laboratories Ltd | Mar 2020 | Source ROE=21.4 | Calculated ROE=12.99 | Difference=8.41% | Category=Version Difference
Dr Reddys Laboratories Ltd | Mar 2021 | Source ROE=21.4 | Calculated ROE=11.07 | Difference=10.33% | Category=Version Difference
Dr Reddys Laboratories Ltd | Mar 2022 | Source ROE=21.4 | Calculated ROE=11.36 | Difference=10.04% | Category=Version Difference
Eicher Motors Ltd | Mar 2016 | Source ROE=24.2 | Calculated ROE=36.63 | Difference=12.43% | Category=Version Difference
Eicher Motors Ltd | Mar 2017 | Source ROE=24.2 | Calculated ROE=31.19 | Difference=6.99% | Category=Version Difference
Eicher Motors Ltd | Mar 2020 | Source ROE=24.2 | Calculated ROE=18.3 | Difference=5.90% | Category=Version Difference
Eicher Motors Ltd | Mar 2021 | Source ROE=24.2 | Calculated ROE=11.78 | Difference=12.42% | Category=Version Difference
Eicher Motors Ltd | Mar 2022 | Source ROE=24.2 | Calculated ROE=13.3 | Difference=10.90% | Category=Version Difference
GAIL (India) Ltd | Mar 2016 | Source ROE=14.0 | Calculated ROE=5.149999999999999 | Difference=8.85% | Category=Version Difference
GAIL (India) Ltd | Mar 2017 | Source ROE=14.0 | Calculated ROE=8.58 | Difference=5.42% | Category=Version Difference
GAIL (India) Ltd | Mar 2020 | Source ROE=14.0 | Calculated ROE=19.31 | Difference=5.31% | Category=Version Difference
GAIL (India) Ltd | Mar 2022 | Source ROE=14.0 | Calculated ROE=19.19 | Difference=5.19% | Category=Version Difference
GAIL (India) Ltd | Mar 2023 | Source ROE=14.0 | Calculated ROE=8.62 | Difference=5.38% | Category=Version Difference
Godrej Consumer Products Ltd | Mar 2013 | Source ROE=6.77 | Calculated ROE=25.51 | Difference=18.74% | Category=Version Difference
Godrej Consumer Products Ltd | Mar 2014 | Source ROE=6.77 | Calculated ROE=21.7 | Difference=14.93% | Category=Version Difference
Godrej Consumer Products Ltd | Mar 2015 | Source ROE=6.77 | Calculated ROE=22.64 | Difference=15.87% | Category=Version Difference
Godrej Consumer Products Ltd | Mar 2016 | Source ROE=6.77 | Calculated ROE=19.48 | Difference=12.71% | Category=Version Difference
Godrej Consumer Products Ltd | Mar 2017 | Source ROE=6.77 | Calculated ROE=24.67 | Difference=17.90% | Category=Version Difference
Godrej Consumer Products Ltd | Mar 2018 | Source ROE=6.77 | Calculated ROE=26.11 | Difference=19.34% | Category=Version Difference
Godrej Consumer Products Ltd | Mar 2019 | Source ROE=6.77 | Calculated ROE=32.23 | Difference=25.46% | Category=Version Difference
Godrej Consumer Products Ltd | Mar 2020 | Source ROE=6.77 | Calculated ROE=18.95 | Difference=12.18% | Category=Version Difference
Godrej Consumer Products Ltd | Mar 2021 | Source ROE=6.77 | Calculated ROE=18.23 | Difference=11.46% | Category=Version Difference
Godrej Consumer Products Ltd | Mar 2022 | Source ROE=6.77 | Calculated ROE=15.43 | Difference=8.66% | Category=Version Difference
Godrej Consumer Products Ltd | Mar 2023 | Source ROE=6.77 | Calculated ROE=12.34 | Difference=5.57% | Category=Version Difference
Godrej Consumer Products Ltd | Mar 2024 | Source ROE=6.77 | Calculated ROE=-4.45 | Difference=11.22% | Category=Version Difference
Grasim Industries Ltd | Mar 2013 | Source ROE=6.9 | Calculated ROE=19.22 | Difference=12.32% | Category=Version Difference
Grasim Industries Ltd | Mar 2014 | Source ROE=6.9 | Calculated ROE=13.67 | Difference=6.77% | Category=Version Difference
Grasim Industries Ltd | Mar 2016 | Source ROE=6.9 | Calculated ROE=12.6 | Difference=5.70% | Category=Version Difference
Grasim Industries Ltd | Mar 2017 | Source ROE=6.9 | Calculated ROE=13.53 | Difference=6.63% | Category=Version Difference
Grasim Industries Ltd | Mar 2022 | Source ROE=6.9 | Calculated ROE=14.8 | Difference=7.90% | Category=Version Difference
Grasim Industries Ltd | Mar 2023 | Source ROE=6.9 | Calculated ROE=14.07 | Difference=7.17% | Category=Version Difference
Hindustan Aeronautics Ltd | Mar 2017 | Source ROE=28.9 | Calculated ROE=1966.92 | Difference=1938.02% | Category=Version Difference
Hindustan Aeronautics Ltd | Mar 2018 | Source ROE=28.9 | Calculated ROE=1528.46 | Difference=1499.56% | Category=Version Difference
Hindustan Aeronautics Ltd | Mar 2019 | Source ROE=28.9 | Calculated ROE=1763.91 | Difference=1735.01% | Category=Version Difference
Hindustan Aeronautics Ltd | Mar 2020 | Source ROE=28.9 | Calculated ROE=2059.42 | Difference=2030.52% | Category=Version Difference
Hindustan Aeronautics Ltd | Mar 2021 | Source ROE=28.9 | Calculated ROE=2249.31 | Difference=2220.41% | Category=Version Difference
Hindustan Aeronautics Ltd | Mar 2022 | Source ROE=28.9 | Calculated ROE=3324.18 | Difference=3295.28% | Category=Version Difference
Hindustan Aeronautics Ltd | Mar 2023 | Source ROE=28.9 | Calculated ROE=3283.05 | Difference=3254.15% | Category=Version Difference
Hindustan Aeronautics Ltd | Mar 2024 | Source ROE=28.9 | Calculated ROE=3816.58 | Difference=3787.68% | Category=Version Difference
Havells India Ltd | Mar 2013 | Source ROE=18.0 | Calculated ROE=40.29 | Difference=22.29% | Category=Version Difference
Havells India Ltd | Mar 2014 | Source ROE=18.0 | Calculated ROE=26.77 | Difference=8.77% | Category=Version Difference
Havells India Ltd | Mar 2016 | Source ROE=18.0 | Calculated ROE=42.95 | Difference=24.95% | Category=Version Difference
HCL Technologies Ltd | Jun 2013 | Source ROE=23.3 | Calculated ROE=30.69 | Difference=7.39% | Category=Version Difference
HCL Technologies Ltd | Jun 2014 | Source ROE=23.3 | Calculated ROE=33.39 | Difference=10.09% | Category=Version Difference
HCL Technologies Ltd | Jun 2015 | Source ROE=23.3 | Calculated ROE=30.31 | Difference=7.01% | Category=Version Difference
HDFC Life Insurance Company Ltd | Mar 2013 | Source ROE=11.4 | Calculated ROE=33.43 | Difference=22.03% | Category=Version Difference
HDFC Life Insurance Company Ltd | Mar 2014 | Source ROE=11.4 | Calculated ROE=37.6 | Difference=26.20% | Category=Version Difference
HDFC Life Insurance Company Ltd | Mar 2015 | Source ROE=11.4 | Calculated ROE=30.93 | Difference=19.53% | Category=Version Difference
HDFC Life Insurance Company Ltd | Mar 2016 | Source ROE=11.4 | Calculated ROE=26.33 | Difference=14.93% | Category=Version Difference
HDFC Life Insurance Company Ltd | Mar 2017 | Source ROE=11.4 | Calculated ROE=23.18 | Difference=11.78% | Category=Version Difference
HDFC Life Insurance Company Ltd | Mar 2018 | Source ROE=11.4 | Calculated ROE=23.53 | Difference=12.13% | Category=Version Difference
HDFC Life Insurance Company Ltd | Mar 2019 | Source ROE=11.4 | Calculated ROE=22.65 | Difference=11.25% | Category=Version Difference
HDFC Life Insurance Company Ltd | Mar 2020 | Source ROE=11.4 | Calculated ROE=19.05 | Difference=7.65% | Category=Version Difference
Hero MotoCorp Ltd
 | Mar 2014 | Source ROE=22.0 | Calculated ROE=37.38 | Difference=15.38% | Category=Version Difference
Hero MotoCorp Ltd
 | Mar 2015 | Source ROE=22.0 | Calculated ROE=36.15 | Difference=14.15% | Category=Version Difference
Hero MotoCorp Ltd
 | Mar 2016 | Source ROE=22.0 | Calculated ROE=35.23 | Difference=13.23% | Category=Version Difference
Hero MotoCorp Ltd
 | Mar 2017 | Source ROE=22.0 | Calculated ROE=34.37 | Difference=12.37% | Category=Version Difference
Hero MotoCorp Ltd
 | Mar 2018 | Source ROE=22.0 | Calculated ROE=31.09 | Difference=9.09% | Category=Version Difference
Hero MotoCorp Ltd
 | Mar 2022 | Source ROE=22.0 | Calculated ROE=14.7 | Difference=7.30% | Category=Version Difference
Hero MotoCorp Ltd
 | Mar 2023 | Source ROE=22.0 | Calculated ROE=16.81 | Difference=5.19% | Category=Version Difference
Hindalco Industries Ltd | Mar 2015 | Source ROE=10.2 | Calculated ROE=0.6799999999999999 | Difference=9.52% | Category=Version Difference
Hindalco Industries Ltd | Mar 2016 | Source ROE=10.2 | Calculated ROE=-1.73 | Difference=11.93% | Category=Version Difference
Hindalco Industries Ltd | Mar 2017 | Source ROE=10.2 | Calculated ROE=4.09 | Difference=6.11% | Category=Version Difference
Hindalco Industries Ltd | Mar 2022 | Source ROE=10.2 | Calculated ROE=17.56 | Difference=7.36% | Category=Version Difference
Hindustan Unilever Ltd
 | Mar 2013 | Source ROE=20.2 | Calculated ROE=134.0 | Difference=113.80% | Category=Version Difference
Hindustan Unilever Ltd
 | Mar 2014 | Source ROE=20.2 | Calculated ROE=111.85 | Difference=91.65% | Category=Version Difference
Hindustan Unilever Ltd
 | Mar 2015 | Source ROE=20.2 | Calculated ROE=108.67 | Difference=88.47% | Category=Version Difference
Hindustan Unilever Ltd
 | Mar 2016 | Source ROE=20.2 | Calculated ROE=63.14999999999999 | Difference=42.95% | Category=Version Difference
Hindustan Unilever Ltd
 | Mar 2017 | Source ROE=20.2 | Calculated ROE=66.58 | Difference=46.38% | Category=Version Difference
Hindustan Unilever Ltd
 | Mar 2018 | Source ROE=20.2 | Calculated ROE=71.78999999999999 | Difference=51.59% | Category=Version Difference
Hindustan Unilever Ltd
 | Mar 2019 | Source ROE=20.2 | Calculated ROE=77.03 | Difference=56.83% | Category=Version Difference
Hindustan Unilever Ltd
 | Mar 2020 | Source ROE=20.2 | Calculated ROE=82.1 | Difference=61.90% | Category=Version Difference
ICICI Bank Ltd | Mar 2016 | Source ROE=18.8 | Calculated ROE=11.61 | Difference=7.19% | Category=Version Difference
ICICI Bank Ltd | Mar 2017 | Source ROE=18.8 | Calculated ROE=10.84 | Difference=7.96% | Category=Version Difference
ICICI Bank Ltd | Mar 2018 | Source ROE=18.8 | Calculated ROE=8.23 | Difference=10.57% | Category=Version Difference
ICICI Bank Ltd | Mar 2019 | Source ROE=18.8 | Calculated ROE=4.98 | Difference=13.82% | Category=Version Difference
ICICI Bank Ltd | Mar 2020 | Source ROE=18.8 | Calculated ROE=9.13 | Difference=9.67% | Category=Version Difference
ICICI Bank Ltd | Mar 2021 | Source ROE=18.8 | Calculated ROE=12.92 | Difference=5.88% | Category=Version Difference
ICICI Prudential Life Insurance Company Ltd | Mar 2013 | Source ROE=8.07 | Calculated ROE=38.25 | Difference=30.18% | Category=Version Difference
ICICI Prudential Life Insurance Company Ltd | Mar 2014 | Source ROE=8.07 | Calculated ROE=35.61 | Difference=27.54% | Category=Version Difference
ICICI Prudential Life Insurance Company Ltd | Mar 2015 | Source ROE=8.07 | Calculated ROE=31.15 | Difference=23.08% | Category=Version Difference
ICICI Prudential Life Insurance Company Ltd | Mar 2016 | Source ROE=8.07 | Calculated ROE=31.0 | Difference=22.93% | Category=Version Difference
ICICI Prudential Life Insurance Company Ltd | Mar 2017 | Source ROE=8.07 | Calculated ROE=26.26 | Difference=18.19% | Category=Version Difference
ICICI Prudential Life Insurance Company Ltd | Mar 2018 | Source ROE=8.07 | Calculated ROE=24.63 | Difference=16.56% | Category=Version Difference
ICICI Prudential Life Insurance Company Ltd | Mar 2019 | Source ROE=8.07 | Calculated ROE=16.58 | Difference=8.51% | Category=Version Difference
ICICI Prudential Life Insurance Company Ltd | Mar 2020 | Source ROE=8.07 | Calculated ROE=14.79 | Difference=6.72% | Category=Version Difference
IndusInd Bank Ltd | Mar 2021 | Source ROE=15.2 | Calculated ROE=6.54 | Difference=8.66% | Category=Version Difference
IndusInd Bank Ltd | Mar 2022 | Source ROE=15.2 | Calculated ROE=9.67 | Difference=5.53% | Category=Version Difference
Infosys Ltd | Mar 2013 | Source ROE=31.8 | Calculated ROE=24.82 | Difference=6.98% | Category=Version Difference
Infosys Ltd | Mar 2014 | Source ROE=31.8 | Calculated ROE=23.93 | Difference=7.87% | Category=Version Difference
Infosys Ltd | Mar 2015 | Source ROE=31.8 | Calculated ROE=24.39 | Difference=7.41% | Category=Version Difference
Infosys Ltd | Mar 2016 | Source ROE=31.8 | Calculated ROE=21.85 | Difference=9.95% | Category=Version Difference
Infosys Ltd | Mar 2017 | Source ROE=31.8 | Calculated ROE=20.81 | Difference=10.99% | Category=Version Difference
Infosys Ltd | Mar 2018 | Source ROE=31.8 | Calculated ROE=24.69 | Difference=7.11% | Category=Version Difference
Infosys Ltd | Mar 2019 | Source ROE=31.8 | Calculated ROE=23.73 | Difference=8.07% | Category=Version Difference
Infosys Ltd | Mar 2020 | Source ROE=31.8 | Calculated ROE=25.42 | Difference=6.38% | Category=Version Difference
Infosys Ltd | Mar 2021 | Source ROE=31.8 | Calculated ROE=25.44 | Difference=6.36% | Category=Version Difference
Indian Oil Corporation
 | Mar 2013 | Source ROE=25.44 | Calculated ROE=5.75 | Difference=19.69% | Category=Version Difference
Indian Oil Corporation
 | Mar 2014 | Source ROE=25.44 | Calculated ROE=10.26 | Difference=15.18% | Category=Version Difference
Indian Oil Corporation
 | Mar 2015 | Source ROE=25.44 | Calculated ROE=7.08 | Difference=18.36% | Category=Version Difference
Indian Oil Corporation
 | Mar 2016 | Source ROE=25.44 | Calculated ROE=13.8 | Difference=11.64% | Category=Version Difference
Indian Oil Corporation
 | Mar 2017 | Source ROE=25.44 | Calculated ROE=19.97 | Difference=5.47% | Category=Version Difference
Indian Oil Corporation
 | Mar 2018 | Source ROE=25.44 | Calculated ROE=19.87 | Difference=5.57% | Category=Version Difference
Indian Oil Corporation
 | Mar 2019 | Source ROE=25.44 | Calculated ROE=15.36 | Difference=10.08% | Category=Version Difference
Indian Oil Corporation
 | Mar 2020 | Source ROE=25.44 | Calculated ROE=-1.97 | Difference=27.41% | Category=Version Difference
Indian Oil Corporation
 | Mar 2021 | Source ROE=25.44 | Calculated ROE=19.46 | Difference=5.98% | Category=Version Difference
Indian Oil Corporation
 | Mar 2022 | Source ROE=25.44 | Calculated ROE=19.27 | Difference=6.17% | Category=Version Difference
Indian Oil Corporation
 | Mar 2023 | Source ROE=25.44 | Calculated ROE=8.38 | Difference=17.06% | Category=Version Difference
Indian Railway Catering & Tourism Corporation Ltd | Mar 2015 | Source ROE=40.4 | Calculated ROE=29.5 | Difference=10.90% | Category=Version Difference
Indian Railway Catering & Tourism Corporation Ltd | Mar 2016 | Source ROE=40.4 | Calculated ROE=34.87 | Difference=5.53% | Category=Version Difference
Indian Railway Catering & Tourism Corporation Ltd | Mar 2017 | Source ROE=40.4 | Calculated ROE=29.1 | Difference=11.30% | Category=Version Difference
Indian Railway Catering & Tourism Corporation Ltd | Mar 2018 | Source ROE=40.4 | Calculated ROE=23.14 | Difference=17.26% | Category=Version Difference
Indian Railway Catering & Tourism Corporation Ltd | Mar 2019 | Source ROE=40.4 | Calculated ROE=28.85 | Difference=11.55% | Category=Version Difference
Indian Railway Catering & Tourism Corporation Ltd | Mar 2021 | Source ROE=40.4 | Calculated ROE=12.84 | Difference=27.56% | Category=Version Difference
Indian Railway Catering & Tourism Corporation Ltd | Mar 2022 | Source ROE=40.4 | Calculated ROE=35.29 | Difference=5.11% | Category=Version Difference
Indian Railway Catering & Tourism Corporation Ltd | Mar 2024 | Source ROE=40.4 | Calculated ROE=34.4 | Difference=6.00% | Category=Version Difference
Indian Railway Finance Corporation Ltd | Mar 2016 | Source ROE=13.7 | Calculated ROE=7.37 | Difference=6.33% | Category=Version Difference
Indian Railway Finance Corporation Ltd | Mar 2017 | Source ROE=13.7 | Calculated ROE=7.779999999999999 | Difference=5.92% | Category=Version Difference
ITC Ltd
 | Mar 2016 | Source ROE=29.47 | Calculated ROE=22.26 | Difference=7.21% | Category=Version Difference
ITC Ltd
 | Mar 2017 | Source ROE=29.47 | Calculated ROE=22.57 | Difference=6.90% | Category=Version Difference
ITC Ltd
 | Mar 2018 | Source ROE=29.47 | Calculated ROE=21.89 | Difference=7.58% | Category=Version Difference
ITC Ltd
 | Mar 2019 | Source ROE=29.47 | Calculated ROE=21.7 | Difference=7.77% | Category=Version Difference
ITC Ltd
 | Mar 2020 | Source ROE=29.47 | Calculated ROE=23.89 | Difference=5.58% | Category=Version Difference
ITC Ltd
 | Mar 2021 | Source ROE=29.47 | Calculated ROE=22.18 | Difference=7.29% | Category=Version Difference
Jindal Steel & Power Ltd | Mar 2014 | Source ROE=14.1 | Calculated ROE=8.39 | Difference=5.71% | Category=Version Difference
Jindal Steel & Power Ltd | Mar 2015 | Source ROE=14.1 | Calculated ROE=-6.9 | Difference=21.00% | Category=Version Difference
Jindal Steel & Power Ltd | Mar 2016 | Source ROE=14.1 | Calculated ROE=-9.520000000000001 | Difference=23.62% | Category=Version Difference
Jindal Steel & Power Ltd | Mar 2017 | Source ROE=14.1 | Calculated ROE=-8.450000000000001 | Difference=22.55% | Category=Version Difference
Jindal Steel & Power Ltd | Mar 2018 | Source ROE=14.1 | Calculated ROE=-5.319999999999999 | Difference=19.42% | Category=Version Difference
Jindal Steel & Power Ltd | Mar 2019 | Source ROE=14.1 | Calculated ROE=-7.52 | Difference=21.62% | Category=Version Difference
Jindal Steel & Power Ltd | Mar 2020 | Source ROE=14.1 | Calculated ROE=-1.24 | Difference=15.34% | Category=Version Difference
JSW Energy Ltd | Mar 2013 | Source ROE=8.4 | Calculated ROE=14.52 | Difference=6.12% | Category=Version Difference
JSW Energy Ltd | Mar 2015 | Source ROE=8.4 | Calculated ROE=18.06 | Difference=9.66% | Category=Version Difference
JSW Energy Ltd | Mar 2016 | Source ROE=8.4 | Calculated ROE=15.05 | Difference=6.65% | Category=Version Difference
JSW Energy Ltd | Mar 2018 | Source ROE=8.4 | Calculated ROE=0.77 | Difference=7.63% | Category=Version Difference
JSW Steel Ltd | Mar 2013 | Source ROE=11.66 | Calculated ROE=5.44 | Difference=6.22% | Category=Version Difference
JSW Steel Ltd | Mar 2014 | Source ROE=11.66 | Calculated ROE=1.9 | Difference=9.76% | Category=Version Difference
JSW Steel Ltd | Mar 2016 | Source ROE=11.66 | Calculated ROE=-2.54 | Difference=14.20% | Category=Version Difference
JSW Steel Ltd | Mar 2018 | Source ROE=11.66 | Calculated ROE=21.83 | Difference=10.17% | Category=Version Difference
JSW Steel Ltd | Mar 2019 | Source ROE=11.66 | Calculated ROE=21.62 | Difference=9.96% | Category=Version Difference
JSW Steel Ltd | Mar 2021 | Source ROE=11.66 | Calculated ROE=16.84 | Difference=5.18% | Category=Version Difference
JSW Steel Ltd | Mar 2022 | Source ROE=11.66 | Calculated ROE=31.11 | Difference=19.45% | Category=Version Difference
JSW Steel Ltd | Mar 2023 | Source ROE=11.66 | Calculated ROE=6.3 | Difference=5.36% | Category=Version Difference
Life Insurance Corporation of India | Mar 2019 | Source ROE=63.61 | Calculated ROE=324.32 | Difference=260.71% | Category=Version Difference
Life Insurance Corporation of India | Mar 2020 | Source ROE=63.61 | Calculated ROE=270.46 | Difference=206.85% | Category=Version Difference
Life Insurance Corporation of India | Mar 2021 | Source ROE=63.61 | Calculated ROE=43.2 | Difference=20.41% | Category=Version Difference
Life Insurance Corporation of India | Mar 2022 | Source ROE=63.61 | Calculated ROE=36.38 | Difference=27.23% | Category=Version Difference
Life Insurance Corporation of India | Mar 2023 | Source ROE=63.61 | Calculated ROE=77.86 | Difference=14.25% | Category=Version Difference
Life Insurance Corporation of India | Mar 2024 | Source ROE=63.61 | Calculated ROE=49.45 | Difference=14.16% | Category=Version Difference
Macrotech Developers Ltd | Mar 2016 | Source ROE=10.7 | Calculated ROE=17.69 | Difference=6.99% | Category=Version Difference
Macrotech Developers Ltd | Mar 2019 | Source ROE=10.7 | Calculated ROE=42.8 | Difference=32.10% | Category=Version Difference
Macrotech Developers Ltd | Mar 2020 | Source ROE=10.7 | Calculated ROE=16.3 | Difference=5.60% | Category=Version Difference
Macrotech Developers Ltd | Mar 2021 | Source ROE=10.7 | Calculated ROE=1.04 | Difference=9.66% | Category=Version Difference
Macrotech Developers Ltd | Mar 2023 | Source ROE=10.7 | Calculated ROE=3.87 | Difference=6.83% | Category=Version Difference
Larsen & Toubro Ltd | Mar 2013 | Source ROE=10.49 | Calculated ROE=395.15 | Difference=384.66% | Category=Version Difference
Larsen & Toubro Ltd | Mar 2014 | Source ROE=10.49 | Calculated ROE=303.42 | Difference=292.93% | Category=Version Difference
Larsen & Toubro Ltd | Mar 2015 | Source ROE=10.49 | Calculated ROE=245.11 | Difference=234.62% | Category=Version Difference
Larsen & Toubro Ltd | Mar 2016 | Source ROE=10.49 | Calculated ROE=216.09 | Difference=205.60% | Category=Version Difference
Larsen & Toubro Ltd | Mar 2017 | Source ROE=10.49 | Calculated ROE=206.3 | Difference=195.81% | Category=Version Difference
Larsen & Toubro Ltd | Mar 2018 | Source ROE=10.49 | Calculated ROE=207.36 | Difference=196.87% | Category=Version Difference
Larsen & Toubro Ltd | Mar 2019 | Source ROE=10.49 | Calculated ROE=208.81 | Difference=198.32% | Category=Version Difference
Larsen & Toubro Ltd | Mar 2020 | Source ROE=10.49 | Calculated ROE=201.59 | Difference=191.10% | Category=Version Difference
Larsen & Toubro Ltd | Mar 2021 | Source ROE=10.49 | Calculated ROE=176.9 | Difference=166.41% | Category=Version Difference
Larsen & Toubro Ltd | Mar 2022 | Source ROE=10.49 | Calculated ROE=72.92 | Difference=62.43% | Category=Version Difference
Larsen & Toubro Ltd | Mar 2023 | Source ROE=10.49 | Calculated ROE=75.52 | Difference=65.03% | Category=Version Difference
Larsen & Toubro Ltd | Mar 2024 | Source ROE=10.49 | Calculated ROE=77.66999999999999 | Difference=67.18% | Category=Version Difference
LTIMindtree Ltd | Mar 2013 | Source ROE=26.04 | Calculated ROE=41.97 | Difference=15.93% | Category=Version Difference
LTIMindtree Ltd | Mar 2014 | Source ROE=26.04 | Calculated ROE=61.86000000000001 | Difference=35.82% | Category=Version Difference
LTIMindtree Ltd | Mar 2015 | Source ROE=26.04 | Calculated ROE=37.96 | Difference=11.92% | Category=Version Difference
LTIMindtree Ltd | Mar 2016 | Source ROE=26.04 | Calculated ROE=39.34 | Difference=13.30% | Category=Version Difference
Mahindra & Mahindra Ltd
 | Mar 2020 | Source ROE=17.99 | Calculated ROE=-0.8 | Difference=18.79% | Category=Version Difference
Mahindra & Mahindra Ltd
 | Mar 2021 | Source ROE=17.99 | Calculated ROE=3.64 | Difference=14.35% | Category=Version Difference
Maruti Suzuki India Ltd | Mar 2021 | Source ROE=15.75 | Calculated ROE=8.36 | Difference=7.39% | Category=Version Difference
Maruti Suzuki India Ltd | Mar 2022 | Source ROE=15.75 | Calculated ROE=7.01 | Difference=8.74% | Category=Version Difference
Samvardhana Motherson International Ltd | Mar 2013 | Source ROE=11.8 | Calculated ROE=19.75 | Difference=7.95% | Category=Version Difference
Samvardhana Motherson International Ltd | Mar 2014 | Source ROE=11.8 | Calculated ROE=37.07 | Difference=25.27% | Category=Version Difference
Samvardhana Motherson International Ltd | Mar 2015 | Source ROE=11.8 | Calculated ROE=38.87 | Difference=27.07% | Category=Version Difference
Samvardhana Motherson International Ltd | Mar 2016 | Source ROE=11.8 | Calculated ROE=40.35 | Difference=28.55% | Category=Version Difference
Samvardhana Motherson International Ltd | Mar 2017 | Source ROE=11.8 | Calculated ROE=26.26 | Difference=14.46% | Category=Version Difference
Samvardhana Motherson International Ltd | Mar 2018 | Source ROE=11.8 | Calculated ROE=22.87 | Difference=11.07% | Category=Version Difference
Samvardhana Motherson International Ltd | Mar 2019 | Source ROE=11.8 | Calculated ROE=19.14 | Difference=7.34% | Category=Version Difference
Samvardhana Motherson International Ltd | Mar 2022 | Source ROE=11.8 | Calculated ROE=5.74 | Difference=6.06% | Category=Version Difference
Info Edge (India) Ltd | Mar 2013 | Source ROE=2.44 | Calculated ROE=12.5 | Difference=10.06% | Category=Version Difference
Info Edge (India) Ltd | Mar 2014 | Source ROE=2.44 | Calculated ROE=8.93 | Difference=6.49% | Category=Version Difference
Info Edge (India) Ltd | Mar 2016 | Source ROE=2.44 | Calculated ROE=7.649999999999999 | Difference=5.21% | Category=Version Difference
Info Edge (India) Ltd | Mar 2017 | Source ROE=2.44 | Calculated ROE=-2.7 | Difference=5.14% | Category=Version Difference
Info Edge (India) Ltd | Mar 2018 | Source ROE=2.44 | Calculated ROE=24.5 | Difference=22.06% | Category=Version Difference
Info Edge (India) Ltd | Mar 2019 | Source ROE=2.44 | Calculated ROE=23.28 | Difference=20.84% | Category=Version Difference
Info Edge (India) Ltd | Mar 2020 | Source ROE=2.44 | Calculated ROE=-11.21 | Difference=13.65% | Category=Version Difference
Info Edge (India) Ltd | Mar 2021 | Source ROE=2.44 | Calculated ROE=26.28 | Difference=23.84% | Category=Version Difference
Info Edge (India) Ltd | Mar 2022 | Source ROE=2.44 | Calculated ROE=74.71 | Difference=72.27% | Category=Version Difference
Nestle India Ltd | Dec 2013 | Source ROE=135.61 | Calculated ROE=47.17 | Difference=88.44% | Category=Version Difference
Nestle India Ltd | Dec 2014 | Source ROE=135.61 | Calculated ROE=41.77 | Difference=93.84% | Category=Version Difference
Nestle India Ltd | Dec 2015 | Source ROE=135.61 | Calculated ROE=19.99 | Difference=115.62% | Category=Version Difference
Nestle India Ltd | Dec 2016 | Source ROE=135.61 | Calculated ROE=30.5 | Difference=105.11% | Category=Version Difference
Nestle India Ltd | Dec 2017 | Source ROE=135.61 | Calculated ROE=35.82 | Difference=99.79% | Category=Version Difference
Nestle India Ltd | Dec 2018 | Source ROE=135.61 | Calculated ROE=43.75 | Difference=91.86% | Category=Version Difference
Nestle India Ltd | Dec 2019 | Source ROE=135.61 | Calculated ROE=102.61 | Difference=33.00% | Category=Version Difference
Nestle India Ltd | Dec 2020 | Source ROE=135.61 | Calculated ROE=103.12 | Difference=32.49% | Category=Version Difference
Nestle India Ltd | Dec 2021 | Source ROE=135.61 | Calculated ROE=108.84 | Difference=26.77% | Category=Version Difference
Nestle India Ltd | Dec 2022 | Source ROE=135.61 | Calculated ROE=97.23 | Difference=38.38% | Category=Version Difference
Nestle India Ltd | Dec 2023 | Source ROE=135.61 | Calculated ROE=121.96 | Difference=13.65% | Category=Version Difference
Nestle India Ltd | Mar 2024 | Source ROE=135.61 | Calculated ROE=117.75 | Difference=17.86% | Category=Version Difference
Oil & Natural Gas Corpn Ltd | Mar 2016 | Source ROE=14.32 | Calculated ROE=6.619999999999999 | Difference=7.70% | Category=Version Difference
Oil & Natural Gas Corpn Ltd | Mar 2020 | Source ROE=14.32 | Calculated ROE=5.59 | Difference=8.73% | Category=Version Difference
Power Finance Corporation Ltd | Mar 2017 | Source ROE=19.49 | Calculated ROE=6.069999999999999 | Difference=13.42% | Category=Version Difference
Power Finance Corporation Ltd | Mar 2019 | Source ROE=19.49 | Calculated ROE=26.82 | Difference=7.33% | Category=Version Difference
Power Finance Corporation Ltd | Mar 2021 | Source ROE=19.49 | Calculated ROE=25.86 | Difference=6.37% | Category=Version Difference
Power Finance Corporation Ltd | Mar 2022 | Source ROE=19.49 | Calculated ROE=26.18 | Difference=6.69% | Category=Version Difference
Power Finance Corporation Ltd | Mar 2023 | Source ROE=19.49 | Calculated ROE=25.17 | Difference=5.68% | Category=Version Difference
Power Finance Corporation Ltd | Mar 2024 | Source ROE=19.49 | Calculated ROE=26.16 | Difference=6.67% | Category=Version Difference
Pidilite Industries Ltd | Mar 2016 | Source ROE=22.8 | Calculated ROE=30.59 | Difference=7.79% | Category=Version Difference
Punjab National Bank | Mar 2013 | Source ROE=8.7 | Calculated ROE=812.3 | Difference=803.60% | Category=Version Difference
Punjab National Bank | Mar 2013 | Source ROE=8.7 | Calculated ROE=812.3 | Difference=803.60% | Category=Version Difference
Punjab National Bank | Mar 2013 | Source ROE=8.7 | Calculated ROE=812.3 | Difference=803.60% | Category=Version Difference
Punjab National Bank | Mar 2013 | Source ROE=8.7 | Calculated ROE=812.3 | Difference=803.60% | Category=Version Difference
Punjab National Bank | Mar 2013 | Source ROE=8.7 | Calculated ROE=812.3 | Difference=803.60% | Category=Version Difference
Punjab National Bank | Mar 2014 | Source ROE=8.7 | Calculated ROE=393.36 | Difference=384.66% | Category=Version Difference
Punjab National Bank | Mar 2014 | Source ROE=8.7 | Calculated ROE=393.36 | Difference=384.66% | Category=Version Difference
Punjab National Bank | Mar 2014 | Source ROE=8.7 | Calculated ROE=393.36 | Difference=384.66% | Category=Version Difference
Punjab National Bank | Mar 2014 | Source ROE=8.7 | Calculated ROE=393.36 | Difference=384.66% | Category=Version Difference
Punjab National Bank | Mar 2014 | Source ROE=8.7 | Calculated ROE=393.36 | Difference=384.66% | Category=Version Difference
Punjab National Bank | Mar 2015 | Source ROE=8.7 | Calculated ROE=223.24 | Difference=214.54% | Category=Version Difference
Punjab National Bank | Mar 2015 | Source ROE=8.7 | Calculated ROE=223.24 | Difference=214.54% | Category=Version Difference
Punjab National Bank | Mar 2015 | Source ROE=8.7 | Calculated ROE=223.24 | Difference=214.54% | Category=Version Difference
Punjab National Bank | Mar 2015 | Source ROE=8.7 | Calculated ROE=223.24 | Difference=214.54% | Category=Version Difference
Punjab National Bank | Mar 2015 | Source ROE=8.7 | Calculated ROE=223.24 | Difference=214.54% | Category=Version Difference
Punjab National Bank | Mar 2016 | Source ROE=8.7 | Calculated ROE=-163.56 | Difference=172.26% | Category=Version Difference
Punjab National Bank | Mar 2016 | Source ROE=8.7 | Calculated ROE=-163.56 | Difference=172.26% | Category=Version Difference
Punjab National Bank | Mar 2016 | Source ROE=8.7 | Calculated ROE=-163.56 | Difference=172.26% | Category=Version Difference
Punjab National Bank | Mar 2016 | Source ROE=8.7 | Calculated ROE=-163.56 | Difference=172.26% | Category=Version Difference
Punjab National Bank | Mar 2016 | Source ROE=8.7 | Calculated ROE=-163.56 | Difference=172.26% | Category=Version Difference
Punjab National Bank | Mar 2017 | Source ROE=8.7 | Calculated ROE=22.21 | Difference=13.51% | Category=Version Difference
Punjab National Bank | Mar 2017 | Source ROE=8.7 | Calculated ROE=22.21 | Difference=13.51% | Category=Version Difference
Punjab National Bank | Mar 2017 | Source ROE=8.7 | Calculated ROE=22.21 | Difference=13.51% | Category=Version Difference
Punjab National Bank | Mar 2017 | Source ROE=8.7 | Calculated ROE=22.21 | Difference=13.51% | Category=Version Difference
Punjab National Bank | Mar 2017 | Source ROE=8.7 | Calculated ROE=22.21 | Difference=13.51% | Category=Version Difference
Punjab National Bank | Mar 2018 | Source ROE=8.7 | Calculated ROE=-184.37 | Difference=193.07% | Category=Version Difference
Punjab National Bank | Mar 2018 | Source ROE=8.7 | Calculated ROE=-184.37 | Difference=193.07% | Category=Version Difference
Punjab National Bank | Mar 2018 | Source ROE=8.7 | Calculated ROE=-184.37 | Difference=193.07% | Category=Version Difference
Punjab National Bank | Mar 2018 | Source ROE=8.7 | Calculated ROE=-184.37 | Difference=193.07% | Category=Version Difference
Punjab National Bank | Mar 2018 | Source ROE=8.7 | Calculated ROE=-184.37 | Difference=193.07% | Category=Version Difference
Punjab National Bank | Mar 2019 | Source ROE=8.7 | Calculated ROE=-128.45 | Difference=137.15% | Category=Version Difference
Punjab National Bank | Mar 2019 | Source ROE=8.7 | Calculated ROE=-128.45 | Difference=137.15% | Category=Version Difference
Punjab National Bank | Mar 2019 | Source ROE=8.7 | Calculated ROE=-128.45 | Difference=137.15% | Category=Version Difference
Punjab National Bank | Mar 2019 | Source ROE=8.7 | Calculated ROE=-128.45 | Difference=137.15% | Category=Version Difference
Punjab National Bank | Mar 2019 | Source ROE=8.7 | Calculated ROE=-128.45 | Difference=137.15% | Category=Version Difference
Punjab National Bank | Mar 2021 | Source ROE=8.7 | Calculated ROE=30.39 | Difference=21.69% | Category=Version Difference
Punjab National Bank | Mar 2021 | Source ROE=8.7 | Calculated ROE=30.39 | Difference=21.69% | Category=Version Difference
Punjab National Bank | Mar 2021 | Source ROE=8.7 | Calculated ROE=30.39 | Difference=21.69% | Category=Version Difference
Punjab National Bank | Mar 2021 | Source ROE=8.7 | Calculated ROE=30.39 | Difference=21.69% | Category=Version Difference
Punjab National Bank | Mar 2021 | Source ROE=8.7 | Calculated ROE=30.39 | Difference=21.69% | Category=Version Difference
Punjab National Bank | Mar 2022 | Source ROE=8.7 | Calculated ROE=39.87 | Difference=31.17% | Category=Version Difference
Punjab National Bank | Mar 2022 | Source ROE=8.7 | Calculated ROE=39.87 | Difference=31.17% | Category=Version Difference
Punjab National Bank | Mar 2022 | Source ROE=8.7 | Calculated ROE=39.87 | Difference=31.17% | Category=Version Difference
Punjab National Bank | Mar 2022 | Source ROE=8.7 | Calculated ROE=39.87 | Difference=31.17% | Category=Version Difference
Punjab National Bank | Mar 2022 | Source ROE=8.7 | Calculated ROE=39.87 | Difference=31.17% | Category=Version Difference
Punjab National Bank | Mar 2023 | Source ROE=8.7 | Calculated ROE=30.67 | Difference=21.97% | Category=Version Difference
Punjab National Bank | Mar 2023 | Source ROE=8.7 | Calculated ROE=30.67 | Difference=21.97% | Category=Version Difference
Punjab National Bank | Mar 2023 | Source ROE=8.7 | Calculated ROE=30.67 | Difference=21.97% | Category=Version Difference
Punjab National Bank | Mar 2023 | Source ROE=8.7 | Calculated ROE=30.67 | Difference=21.97% | Category=Version Difference
Punjab National Bank | Mar 2023 | Source ROE=8.7 | Calculated ROE=30.67 | Difference=21.97% | Category=Version Difference
Punjab National Bank | Mar 2024 | Source ROE=8.7 | Calculated ROE=61.31999999999999 | Difference=52.62% | Category=Version Difference
Punjab National Bank | Mar 2024 | Source ROE=8.7 | Calculated ROE=61.31999999999999 | Difference=52.62% | Category=Version Difference
Punjab National Bank | Mar 2024 | Source ROE=8.7 | Calculated ROE=61.31999999999999 | Difference=52.62% | Category=Version Difference
Punjab National Bank | Mar 2024 | Source ROE=8.7 | Calculated ROE=61.31999999999999 | Difference=52.62% | Category=Version Difference
Punjab National Bank | Mar 2024 | Source ROE=8.7 | Calculated ROE=61.31999999999999 | Difference=52.62% | Category=Version Difference
Power Grid Corporation of India Ltd | Mar 2014 | Source ROE=19.0 | Calculated ROE=13.11 | Difference=5.89% | Category=Version Difference
Power Grid Corporation of India Ltd | Mar 2014 | Source ROE=19.0 | Calculated ROE=13.11 | Difference=5.89% | Category=Version Difference
Power Grid Corporation of India Ltd | Mar 2015 | Source ROE=19.0 | Calculated ROE=13.13 | Difference=5.87% | Category=Version Difference
Power Grid Corporation of India Ltd | Mar 2015 | Source ROE=19.0 | Calculated ROE=13.13 | Difference=5.87% | Category=Version Difference
Power Grid Corporation of India Ltd | Mar 2016 | Source ROE=19.0 | Calculated ROE=13.55 | Difference=5.45% | Category=Version Difference
Power Grid Corporation of India Ltd | Mar 2016 | Source ROE=19.0 | Calculated ROE=13.55 | Difference=5.45% | Category=Version Difference
REC Ltd | Mar 2018 | Source ROE=22.2 | Calculated ROE=13.66 | Difference=8.54% | Category=Version Difference
REC Ltd | Mar 2019 | Source ROE=22.2 | Calculated ROE=16.62 | Difference=5.58% | Category=Version Difference
REC Ltd | Mar 2020 | Source ROE=22.2 | Calculated ROE=14.05 | Difference=8.15% | Category=Version Difference
SBI Life Insurance Company Ltd | Mar 2013 | Source ROE=12.0 | Calculated ROE=23.03 | Difference=11.03% | Category=Version Difference
SBI Life Insurance Company Ltd | Mar 2014 | Source ROE=12.0 | Calculated ROE=21.69 | Difference=9.69% | Category=Version Difference
SBI Life Insurance Company Ltd | Mar 2015 | Source ROE=12.0 | Calculated ROE=20.09 | Difference=8.09% | Category=Version Difference
SBI Life Insurance Company Ltd | Mar 2016 | Source ROE=12.0 | Calculated ROE=17.83 | Difference=5.83% | Category=Version Difference
SBI Life Insurance Company Ltd | Mar 2017 | Source ROE=12.0 | Calculated ROE=17.2 | Difference=5.20% | Category=Version Difference
SBI Life Insurance Company Ltd | Mar 2018 | Source ROE=12.0 | Calculated ROE=17.62 | Difference=5.62% | Category=Version Difference
SBI Life Insurance Company Ltd | Mar 2019 | Source ROE=12.0 | Calculated ROE=17.52 | Difference=5.52% | Category=Version Difference
Shree Cement Ltd | Jun 2013 | Source ROE=12.2 | Calculated ROE=26.12 | Difference=13.92% | Category=Version Difference
Shree Cement Ltd | Mar 2017 | Source ROE=12.2 | Calculated ROE=17.39 | Difference=5.19% | Category=Version Difference
Shriram Finance Ltd
 | Mar 2022 | Source ROE=15.9 | Calculated ROE=10.43 | Difference=5.47% | Category=Version Difference
Siemens Ltd | Sep 2014 | Source ROE=19.1 | Calculated ROE=13.78 | Difference=5.32% | Category=Version Difference
Siemens Ltd | Sep 2016 | Source ROE=19.1 | Calculated ROE=42.83 | Difference=23.73% | Category=Version Difference
Siemens Ltd | Sep 2018 | Source ROE=19.1 | Calculated ROE=10.86 | Difference=8.24% | Category=Version Difference
Siemens Ltd | Sep 2019 | Source ROE=19.1 | Calculated ROE=12.14 | Difference=6.96% | Category=Version Difference
Siemens Ltd | Sep 2020 | Source ROE=19.1 | Calculated ROE=8.1 | Difference=11.00% | Category=Version Difference
Siemens Ltd | Sep 2021 | Source ROE=19.1 | Calculated ROE=10.52 | Difference=8.58% | Category=Version Difference
Siemens Ltd | Sep 2022 | Source ROE=19.1 | Calculated ROE=13.29 | Difference=5.81% | Category=Version Difference
Sun Pharmaceuticals Industries Ltd | Mar 2013 | Source ROE=16.7 | Calculated ROE=23.14 | Difference=6.44% | Category=Version Difference
Sun Pharmaceuticals Industries Ltd | Mar 2018 | Source ROE=16.7 | Calculated ROE=6.63 | Difference=10.07% | Category=Version Difference
Sun Pharmaceuticals Industries Ltd | Mar 2019 | Source ROE=16.7 | Calculated ROE=7.75 | Difference=8.95% | Category=Version Difference
Sun Pharmaceuticals Industries Ltd | Mar 2020 | Source ROE=16.7 | Calculated ROE=9.22 | Difference=7.48% | Category=Version Difference
Sun Pharmaceuticals Industries Ltd | Mar 2021 | Source ROE=16.7 | Calculated ROE=4.89 | Difference=11.81% | Category=Version Difference
Sun Pharmaceuticals Industries Ltd | Mar 2022 | Source ROE=16.7 | Calculated ROE=7.06 | Difference=9.64% | Category=Version Difference
Tata Consumer Products Ltd | Mar 2016 | Source ROE=8.32 | Calculated ROE=-0.59 | Difference=8.91% | Category=Version Difference
Tata Motors Ltd | Mar 2013 | Source ROE=49.4 | Calculated ROE=26.51 | Difference=22.89% | Category=Version Difference
Tata Motors Ltd | Mar 2014 | Source ROE=49.4 | Calculated ROE=21.42 | Difference=27.98% | Category=Version Difference
Tata Motors Ltd | Mar 2015 | Source ROE=49.4 | Calculated ROE=25.01 | Difference=24.39% | Category=Version Difference
Tata Motors Ltd | Mar 2016 | Source ROE=49.4 | Calculated ROE=14.79 | Difference=34.61% | Category=Version Difference
Tata Motors Ltd | Mar 2017 | Source ROE=49.4 | Calculated ROE=13.02 | Difference=36.38% | Category=Version Difference
Tata Motors Ltd | Mar 2018 | Source ROE=49.4 | Calculated ROE=9.53 | Difference=39.87% | Category=Version Difference
Tata Motors Ltd | Mar 2019 | Source ROE=49.4 | Calculated ROE=-47.73 | Difference=97.13% | Category=Version Difference
Tata Motors Ltd | Mar 2020 | Source ROE=49.4 | Calculated ROE=-18.98 | Difference=68.38% | Category=Version Difference
Tata Motors Ltd | Mar 2021 | Source ROE=49.4 | Calculated ROE=-24.25 | Difference=73.65% | Category=Version Difference
Tata Motors Ltd | Mar 2022 | Source ROE=49.4 | Calculated ROE=-25.38 | Difference=74.78% | Category=Version Difference
Tata Motors Ltd | Mar 2023 | Source ROE=49.4 | Calculated ROE=5.94 | Difference=43.46% | Category=Version Difference
Tata Motors Ltd | Mar 2024 | Source ROE=49.4 | Calculated ROE=37.46 | Difference=11.94% | Category=Version Difference
Tata Power Company Ltd
 | Mar 2013 | Source ROE=11.3 | Calculated ROE=1.0 | Difference=10.30% | Category=Version Difference
Tata Power Company Ltd
 | Mar 2014 | Source ROE=11.3 | Calculated ROE=0.1 | Difference=11.20% | Category=Version Difference
Tata Power Company Ltd
 | Mar 2015 | Source ROE=11.3 | Calculated ROE=3.19 | Difference=8.11% | Category=Version Difference
Tata Steel Ltd
 | Mar 2013 | Source ROE=6.55 | Calculated ROE=-21.28 | Difference=27.83% | Category=Version Difference
Tata Steel Ltd
 | Mar 2015 | Source ROE=6.55 | Calculated ROE=-12.56 | Difference=19.11% | Category=Version Difference
Tata Steel Ltd
 | Mar 2016 | Source ROE=6.55 | Calculated ROE=-1.14 | Difference=7.69% | Category=Version Difference
Tata Steel Ltd
 | Mar 2017 | Source ROE=6.55 | Calculated ROE=-11.02 | Difference=17.57% | Category=Version Difference
Tata Steel Ltd
 | Mar 2018 | Source ROE=6.55 | Calculated ROE=29.15 | Difference=22.60% | Category=Version Difference
Tata Steel Ltd
 | Mar 2019 | Source ROE=6.55 | Calculated ROE=13.23 | Difference=6.68% | Category=Version Difference
Tata Steel Ltd
 | Mar 2022 | Source ROE=6.55 | Calculated ROE=36.48 | Difference=29.93% | Category=Version Difference
Tata Steel Ltd
 | Mar 2024 | Source ROE=6.55 | Calculated ROE=-5.33 | Difference=11.88% | Category=Version Difference
Tata Consultancy Services Ltd | Mar 2013 | Source ROE=0.52 | Calculated ROE=36.52 | Difference=36.00% | Category=Version Difference
Tata Consultancy Services Ltd | Mar 2014 | Source ROE=0.52 | Calculated ROE=39.3 | Difference=38.78% | Category=Version Difference
Tata Consultancy Services Ltd | Mar 2015 | Source ROE=0.52 | Calculated ROE=39.62 | Difference=39.10% | Category=Version Difference
Tata Consultancy Services Ltd | Mar 2016 | Source ROE=0.52 | Calculated ROE=34.23999999999999 | Difference=33.72% | Category=Version Difference
Tata Consultancy Services Ltd | Mar 2017 | Source ROE=0.52 | Calculated ROE=30.57 | Difference=30.05% | Category=Version Difference
Tata Consultancy Services Ltd | Mar 2018 | Source ROE=0.52 | Calculated ROE=30.4 | Difference=29.88% | Category=Version Difference
Tata Consultancy Services Ltd | Mar 2019 | Source ROE=0.52 | Calculated ROE=35.29 | Difference=34.77% | Category=Version Difference
Tata Consultancy Services Ltd | Mar 2020 | Source ROE=0.52 | Calculated ROE=38.57 | Difference=38.05% | Category=Version Difference
Tata Consultancy Services Ltd | Mar 2021 | Source ROE=0.52 | Calculated ROE=37.66999999999999 | Difference=37.15% | Category=Version Difference
Tata Consultancy Services Ltd | Mar 2022 | Source ROE=0.52 | Calculated ROE=43.13 | Difference=42.61% | Category=Version Difference
Tata Consultancy Services Ltd | Mar 2023 | Source ROE=0.52 | Calculated ROE=46.78 | Difference=46.26% | Category=Version Difference
Tata Consultancy Services Ltd | Mar 2024 | Source ROE=0.52 | Calculated ROE=50.94 | Difference=50.42% | Category=Version Difference
Tech Mahindra Ltd | Mar 2013 | Source ROE=8.63 | Calculated ROE=24.09 | Difference=15.46% | Category=Version Difference
Tech Mahindra Ltd | Mar 2013 | Source ROE=8.63 | Calculated ROE=24.09 | Difference=15.46% | Category=Version Difference
Tech Mahindra Ltd | Mar 2014 | Source ROE=8.63 | Calculated ROE=33.35 | Difference=24.72% | Category=Version Difference
Tech Mahindra Ltd | Mar 2014 | Source ROE=8.63 | Calculated ROE=33.35 | Difference=24.72% | Category=Version Difference
Tech Mahindra Ltd | Mar 2015 | Source ROE=8.63 | Calculated ROE=21.71 | Difference=13.08% | Category=Version Difference
Tech Mahindra Ltd | Mar 2015 | Source ROE=8.63 | Calculated ROE=21.71 | Difference=13.08% | Category=Version Difference
Tech Mahindra Ltd | Mar 2016 | Source ROE=8.63 | Calculated ROE=20.75 | Difference=12.12% | Category=Version Difference
Tech Mahindra Ltd | Mar 2016 | Source ROE=8.63 | Calculated ROE=20.75 | Difference=12.12% | Category=Version Difference
Tech Mahindra Ltd | Mar 2017 | Source ROE=8.63 | Calculated ROE=17.35 | Difference=8.72% | Category=Version Difference
Tech Mahindra Ltd | Mar 2017 | Source ROE=8.63 | Calculated ROE=17.35 | Difference=8.72% | Category=Version Difference
Tech Mahindra Ltd | Mar 2018 | Source ROE=8.63 | Calculated ROE=20.09 | Difference=11.46% | Category=Version Difference
Tech Mahindra Ltd | Mar 2018 | Source ROE=8.63 | Calculated ROE=20.09 | Difference=11.46% | Category=Version Difference
Tech Mahindra Ltd | Mar 2019 | Source ROE=8.63 | Calculated ROE=21.14 | Difference=12.51% | Category=Version Difference
Tech Mahindra Ltd | Mar 2019 | Source ROE=8.63 | Calculated ROE=21.14 | Difference=12.51% | Category=Version Difference
Tech Mahindra Ltd | Mar 2020 | Source ROE=8.63 | Calculated ROE=17.87 | Difference=9.24% | Category=Version Difference
Tech Mahindra Ltd | Mar 2020 | Source ROE=8.63 | Calculated ROE=17.87 | Difference=9.24% | Category=Version Difference
Tech Mahindra Ltd | Mar 2021 | Source ROE=8.63 | Calculated ROE=17.51 | Difference=8.88% | Category=Version Difference
Tech Mahindra Ltd | Mar 2021 | Source ROE=8.63 | Calculated ROE=17.51 | Difference=8.88% | Category=Version Difference
Tech Mahindra Ltd | Mar 2022 | Source ROE=8.63 | Calculated ROE=20.94 | Difference=12.31% | Category=Version Difference
Tech Mahindra Ltd | Mar 2022 | Source ROE=8.63 | Calculated ROE=20.94 | Difference=12.31% | Category=Version Difference
Tech Mahindra Ltd | Mar 2023 | Source ROE=8.63 | Calculated ROE=17.39 | Difference=8.76% | Category=Version Difference
Tech Mahindra Ltd | Mar 2023 | Source ROE=8.63 | Calculated ROE=17.39 | Difference=8.76% | Category=Version Difference
Titan Company Ltd
 | Mar 2015 | Source ROE=32.9 | Calculated ROE=26.46 | Difference=6.44% | Category=Version Difference
Titan Company Ltd
 | Mar 2016 | Source ROE=32.9 | Calculated ROE=19.25 | Difference=13.65% | Category=Version Difference
Titan Company Ltd
 | Mar 2017 | Source ROE=32.9 | Calculated ROE=16.47 | Difference=16.43% | Category=Version Difference
Titan Company Ltd
 | Mar 2018 | Source ROE=32.9 | Calculated ROE=21.65 | Difference=11.25% | Category=Version Difference
Titan Company Ltd
 | Mar 2019 | Source ROE=32.9 | Calculated ROE=22.88 | Difference=10.02% | Category=Version Difference
Titan Company Ltd
 | Mar 2020 | Source ROE=32.9 | Calculated ROE=22.39 | Difference=10.51% | Category=Version Difference
Titan Company Ltd
 | Mar 2021 | Source ROE=32.9 | Calculated ROE=12.99 | Difference=19.91% | Category=Version Difference
Titan Company Ltd
 | Mar 2022 | Source ROE=32.9 | Calculated ROE=23.63 | Difference=9.27% | Category=Version Difference
Titan Company Ltd
 | Mar 2023 | Source ROE=32.9 | Calculated ROE=27.63 | Difference=5.27% | Category=Version Difference
Torrent Pharmaceuticals Ltd | Mar 2013 | Source ROE=24.2 | Calculated ROE=30.59 | Difference=6.39% | Category=Version Difference
Torrent Pharmaceuticals Ltd | Mar 2014 | Source ROE=24.2 | Calculated ROE=34.89 | Difference=10.69% | Category=Version Difference
Torrent Pharmaceuticals Ltd | Mar 2015 | Source ROE=24.2 | Calculated ROE=30.15 | Difference=5.95% | Category=Version Difference
Torrent Pharmaceuticals Ltd | Mar 2016 | Source ROE=24.2 | Calculated ROE=49.6 | Difference=25.40% | Category=Version Difference
Torrent Pharmaceuticals Ltd | Mar 2018 | Source ROE=24.2 | Calculated ROE=14.67 | Difference=9.53% | Category=Version Difference
Torrent Pharmaceuticals Ltd | Mar 2019 | Source ROE=24.2 | Calculated ROE=9.229999999999999 | Difference=14.97% | Category=Version Difference
Torrent Pharmaceuticals Ltd | Mar 2022 | Source ROE=24.2 | Calculated ROE=13.05 | Difference=11.15% | Category=Version Difference
Trent Ltd | Mar 2013 | Source ROE=27.2 | Calculated ROE=-2.19 | Difference=29.39% | Category=Version Difference
Trent Ltd | Mar 2014 | Source ROE=27.2 | Calculated ROE=-1.92 | Difference=29.12% | Category=Version Difference
Trent Ltd | Mar 2015 | Source ROE=27.2 | Calculated ROE=9.07 | Difference=18.13% | Category=Version Difference
Trent Ltd | Mar 2016 | Source ROE=27.2 | Calculated ROE=3.76 | Difference=23.44% | Category=Version Difference
Trent Ltd | Mar 2017 | Source ROE=27.2 | Calculated ROE=5.489999999999999 | Difference=21.71% | Category=Version Difference
Trent Ltd | Mar 2018 | Source ROE=27.2 | Calculated ROE=5.45 | Difference=21.75% | Category=Version Difference
Trent Ltd | Mar 2019 | Source ROE=27.2 | Calculated ROE=5.77 | Difference=21.43% | Category=Version Difference
Trent Ltd | Mar 2020 | Source ROE=27.2 | Calculated ROE=4.44 | Difference=22.76% | Category=Version Difference
Trent Ltd | Mar 2021 | Source ROE=27.2 | Calculated ROE=-7.829999999999999 | Difference=35.03% | Category=Version Difference
Trent Ltd | Mar 2022 | Source ROE=27.2 | Calculated ROE=1.48 | Difference=25.72% | Category=Version Difference
Trent Ltd | Mar 2023 | Source ROE=27.2 | Calculated ROE=15.18 | Difference=12.02% | Category=Version Difference
Trent Ltd | Mar 2024 | Source ROE=27.2 | Calculated ROE=36.31 | Difference=9.11% | Category=Version Difference
